3800000               		ORG		03800000H
3800000 06 00 00 ea   		B		INICIO
3800004 fd 3f 00 ea   		B		03810000H
3800008 fc 7f 00 ea   		B		03820000H
380000c fb bf 00 ea   		B		03830000H
3800010 fa ff 00 ea   		B		03840000H
3800014 f9 3f 01 ea   		B		03850000H
3800018 f8 7f 01 ea   		B		03860000H
380001c f7 bf 01 ea   		B		03870000H
3800020               INICIO:
3800020 20 ba a0 e5   		MOV		R11,#02000000H
3800024 0b c0 a0 e1   		MOV		R12,R11
3800028 38 c4 8c e4   		ADD		R12,R12,#3800H
380002c 00 90 a0 e5   		MOV		R9,#0
3800030 38 2a a0 e5   		MOV		R2,#03800000H
3800034 10 22 82 e4   		ADD		R2,R2,#0100H
3800038 01 10 21 e0   		EOR		R1,R1,R1
380003c               
380003c 09 00 db e7   		LDRB		R0,[R11,R9]
3800040 01 90 89 e4   		ADD		R9,R9,#1
3800044 00 f1 92 e7   		LDR		R15,[R2,R0,LSL #2]
3800048               
3800048               		ORG		03800114H
3800114 00 05 80 03   		DW		ROT_1		; 05H
3800118               		ORG		03800198H
3800198 28 05 80 03   		DW		ROT_2		; 26H
380019c               		ORG		038002D4H
38002d4 38 05 80 03   		DW		ROT_3		; 75H
38002d8               		ORG		0380030CH
380030c 00 08 80 03   		DW		ROT_4_1		; 83H
3800310               		ORG		03800320H
3800320 00 10 80 03   		DW		ROT_5_1		; 88H
3800324               		ORG		03800338H
3800338 00 18 80 03   		DW		ROT_6_1		; 8EH
380033c               		ORG		03800368H
3800368 b4 05 80 03   		DW		ROT_7		; 9AH
380036c               		ORG		038003C8H
38003c8 1c 06 80 03   		DW		ROT_8		; B2H
38003cc               		ORG		038003E0H
38003e0 38 06 80 03   		DW		ROT_9		; B8H
38003e4               		ORG		038003ECH
38003ec 5c 06 80 03   		DW		ROT_A		; BBH
38003f0               		ORG		0380042CH
380042c 80 06 80 03   		DW		ROT_B		; CBH
3800430               		ORG		038004D0H
38004d0 b8 06 80 03   		DW		ROT_C		; F4H
38004d4               
38004d4               		ORG		03800500H
3800500               ROT_1:
3800500 09 00 db e7   		LDRB		R0,[R11,R9]
3800504 01 90 89 e4   		ADD		R9,R9,#1
3800508 09 10 db e7   		LDRB		R1,[R11,R9]
380050c 01 90 89 e4   		ADD		R9,R9,#1
3800510 01 04 80 e0   		ADD		R0,R0,R1,LSL #8
3800514 00 38 93 e0   		ADDS		R3,R3,R0,LSL #16
3800518 01 10 21 e0   		EOR		R1,R1,R1
380051c               
380051c 09 00 db e7   		LDRB		R0,[R11,R9]
3800520 01 90 89 e4   		ADD		R9,R9,#1
3800524 00 f1 d2 e7   		LDRB		R15,[R2,R0,LSL #2]
3800528               ROT_2:
3800528 01 10 a0 e5   		MOV		R1,#1
380052c               
380052c 09 00 db e7   		LDRB		R0,[R11,R9]
3800530 01 90 89 e4   		ADD		R9,R9,#1
3800534 00 f1 d2 e7   		LDRB		R15,[R2,R0,LSL #2]
3800538               ROT_3:
3800538 09 00 db e7   		LDRB		R0,[R11,R9]
380053c 01 90 89 e4   		ADD		R9,R9,#1
3800540 00 0c a0 e1   		MOV		R0,R0,LSL #24
3800544 40 9c 89 e0   		ADD		R9,R9,R0,ASR #24
3800548               
3800548 09 00 db e7   		LDRB		R0,[R11,R9]
380054c 01 90 89 e4   		ADD		R9,R9,#1
3800550 00 f1 d2 e7   		LDRB		R15,[R2,R0,LSL #2]
3800554               ROT_4_2:
3800554 09 00 db e7   		LDRB		R0,[R11,R9]
3800558 01 90 89 e4   		ADD		R9,R9,#1
380055c 00 0c a0 e1   		MOV		R0,R0,LSL #24
3800560 40 44 94 e0   		ADDS		R4,R4,R0,ASR #8
3800564               
3800564 09 00 db e7   		LDRB		R0,[R11,R9]
3800568 01 90 89 e4   		ADD		R9,R9,#1
380056c 00 f1 d2 e7   		LDRB		R15,[R2,R0,LSL #2]
3800570               ROT_5_2:
3800570 01 00 51 e5   		CMP		R1,#1
3800574 05 00 00 1a   		BNE		ROT_5_3
3800578               
3800578 09 00 db e7   		LDRB		R0,[R11,R9]
380057c 01 90 89 e4   		ADD		R9,R9,#1
3800580 00 0c a0 e1   		MOV		R0,R0,LSL #24
3800584 40 14 84 e0   		ADD		R1,R4,R0,ASR #8
3800588 26 08 a0 e1   		MOV		R0,R6,LSR #16
380058c 01 08 ca e7   		STRB		R0,[R10,R1,LSL #16]
3800590               
3800590               ROT_5_3:
3800590 01 10 21 e0   		EOR		R1,R1,R1
3800594               
3800594 09 00 db e7   		LDRB		R0,[R11,R9]
3800598 01 90 89 e4   		ADD		R9,R9,#1
380059c 00 f1 d2 e7   		LDRB		R15,[R2,R0,LSL #2]
38005a0               ROT_6_2:
38005a0 23 a8 a0 e1   		MOV		R10,R3,LSR #16
38005a4 20 aa 8a e4   		ADD		R10,R10,#02000000H
38005a8               
38005a8 09 00 db e7   		LDRB		R0,[R11,R9]
38005ac 01 90 89 e4   		ADD		R9,R9,#1
38005b0 00 f1 d2 e7   		LDRB		R15,[R2,R0,LSL #2]
38005b4               ROT_7:
38005b4 10 86 48 e4   		SUB		R8,R8,#10000H
38005b8 2b 04 a0 e1   		MOV		R0,R11,LSR #8
38005bc 28 08 cc e7   		STRB		R0,[R12,R8,LSR #16]
38005c0 10 86 48 e4   		SUB		R8,R8,#10000H
38005c4 28 b8 cc e7   		STRB		R11,[R12,R8,LSR #16]
38005c8               
38005c8 09 10 db e7   		LDRB		R1,[R11,R9]
38005cc 01 90 89 e4   		ADD		R9,R9,#1
38005d0 09 00 db e7   		LDRB		R0,[R11,R9]
38005d4 01 90 89 e4   		ADD		R9,R9,#1
38005d8 00 14 81 e0   		ADD		R1,R1,R0,LSL #8
38005dc               
38005dc 09 00 db e7   		LDRB		R0,[R11,R9]
38005e0 01 90 89 e4   		ADD		R9,R9,#1
38005e4 09 b0 db e7   		LDRB		R11,[R11,R9]
38005e8 01 90 89 e4   		ADD		R9,R9,#1
38005ec 0b b4 80 e0   		ADD		R11,R0,R11,LSL #8
38005f0 20 ba 8b e4   		ADD		R11,R11,#02000000H
38005f4               		
38005f4 10 86 48 e4   		SUB		R8,R8,#10000H
38005f8 29 04 a0 e1   		MOV		R0,R9,LSR #8
38005fc 28 08 cc e7   		STRB		R0,[R12,R8,LSR #16]
3800600 10 86 48 e4   		SUB		R8,R8,#10000H
3800604 28 98 cc e7   		STRB		R9,[R12,R8,LSR #16]
3800608 01 90 a0 e1   		MOV		R9,R1
380060c 01 10 21 e0   		EOR		R1,R1,R1
3800610               
3800610 09 00 db e7   		LDRB		R0,[R11,R9]
3800614 01 90 89 e4   		ADD		R9,R9,#1
3800618 00 f1 d2 e7   		LDRB		R15,[R2,R0,LSL #2]
380061c               ROT_8:
380061c 09 00 db e7   		LDRB		R0,[R11,R9]
3800620 01 90 89 e4   		ADD		R9,R9,#1
3800624 ff 68 06 e4   		AND		R6,R6,#00FF0000H
3800628 00 68 86 e0   		ADD		R6,R6,R0,LSL #16
380062c               
380062c 09 00 db e7   		LDRB		R0,[R11,R9]
3800630 01 90 89 e4   		ADD		R9,R9,#1
3800634 00 f1 d2 e7   		LDRB		R15,[R2,R0,LSL #2]
3800638               ROT_9:
3800638 09 30 db e7   		LDRB		R3,[R11,R9]
380063c 01 90 89 e4   		ADD		R9,R9,#1
3800640 09 00 db e7   		LDRB		R0,[R11,R9]
3800644 01 90 89 e4   		ADD		R9,R9,#1
3800648 00 34 83 e0   		ADD		R3,R3,R0,LSL #8
380064c 03 38 a0 e1   		MOV		R3,R3,LSL #16
3800650               
3800650 09 00 db e7   		LDRB		R0,[R11,R9]
3800654 01 90 89 e4   		ADD		R9,R9,#1
3800658 00 f1 d2 e7   		LDRB		R15,[R2,R0,LSL #2]
380065c               ROT_A:
380065c 09 40 db e7   		LDRB		R4,[R11,R9]
3800660 01 90 89 e4   		ADD		R9,R9,#1
3800664 09 00 db e7   		LDRB		R0,[R11,R9]
3800668 01 90 89 e4   		ADD		R9,R9,#1
380066c 00 44 84 e0   		ADD		R4,R4,R0,LSL #8
3800670 04 48 a0 e1   		MOV		R4,R4,LSL #16
3800674               
3800674 09 00 db e7   		LDRB		R0,[R11,R9]
3800678 01 90 89 e4   		ADD		R9,R9,#1
380067c 00 f1 d2 e7   		LDRB		R15,[R2,R0,LSL #2]
3800680               ROT_B:
3800680 28 98 dc e7   		LDRB		R9,[R12,R8,LSR #16]
3800684 10 86 88 e4   		ADD		R8,R8,#10000H
3800688 28 08 dc e7   		LDRB		R0,[R12,R8,LSR #16]
380068c 10 86 88 e4   		ADD		R8,R8,#10000H
3800690 00 94 89 e0   		ADD		R9,R9,R0,LSL #8
3800694               
3800694 28 b8 dc e7   		LDRB		R11,[R12,R8,LSR #16]
3800698 10 86 88 e4   		ADD		R8,R8,#10000H
380069c 28 08 dc e7   		LDRB		R0,[R12,R8,LSR #16]
38006a0 10 86 88 e4   		ADD		R8,R8,#10000H
38006a4 00 b4 8b e0   		ADD		R11,R11,R0,LSL #8
38006a8 20 ba 8b e4   		ADD		R11,R11,#02000000H
38006ac               
38006ac 09 00 db e7   		LDRB		R0,[R11,R9]
38006b0 01 90 89 e4   		ADD		R9,R9,#1
38006b4 00 f1 d2 e7   		LDRB		R15,[R2,R0,LSL #2]
38006b8               ROT_C:
38006b8 50 fe 1f ea   		B		0
38006bc               
38006bc               		ORG		03800800H
3800800               ROT_4_1:
3800800 09 00 db e7   		LDRB		R0,[R11,R9]
3800804 01 90 89 e4   		ADD		R9,R9,#1
3800808 00 f1 9f e7   		LDR		R15,[R15,R0,LSL #2]
380080c 00 00 00 00   		DW		0
3800810               		ORG		$ + 30CH
3800b1c 54 05 80 03   		DW		ROT_4_2
3800b20               
3800b20               		ORG		03801000H
3801000               ROT_5_1:
3801000 09 00 db e7   		LDRB		R0,[R11,R9]
3801004 01 90 89 e4   		ADD		R9,R9,#1
3801008 00 f1 9f e7   		LDR		R15,[R15,R0,LSL #2]
380100c 00 00 00 00   		DW		0
3801010               		ORG		$ + 15CH
380116c 70 05 80 03   		DW		ROT_5_2
3801170               
3801170               		ORG		03801800H
3801800               ROT_6_1:
3801800 09 00 db e7   		LDRB		R0,[R11,R9]
3801804 01 90 89 e4   		ADD		R9,R9,#1
3801808 00 f1 9f e7   		LDR		R15,[R15,R0,LSL #2]
380180c 00 00 00 00   		DW		0
3801810               		ORG		$ + 300H
3801b10 a0 05 80 03   		DW		ROT_6_2
3801b14               		END
